Performing C SOURCE FILE Test CMAKE_HAVE_LIBC_PTHREAD failed with the following output:
Change Dir: /media/sf_SCR/scr_logger/project_1/cmake-build-debug/CMakeFiles/CMakeTmp

Run Build Command(s):/usr/bin/make cmTC_9f016/fast && make: Warning: File 'Makefile' has modification time 0.25 s in the future
/usr/bin/make  -f CMakeFiles/cmTC_9f016.dir/build.make CMakeFiles/cmTC_9f016.dir/build
make[1]: Entering directory '/media/sf_SCR/scr_logger/project_1/cmake-build-debug/CMakeFiles/CMakeTmp'
make[1]: Warning: File 'CMakeFiles/cmTC_9f016.dir/flags.make' has modification time 0.22 s in the future
Building C object CMakeFiles/cmTC_9f016.dir/src.c.o
/usr/bin/cc   -DCMAKE_HAVE_LIBC_PTHREAD   -std=gnu11 -o CMakeFiles/cmTC_9f016.dir/src.c.o   -c /media/sf_SCR/scr_logger/project_1/cmake-build-debug/CMakeFiles/CMakeTmp/src.c
Linking C executable cmTC_9f016
/opt/clion/bin/cmake/linux/bin/cmake -E cmake_link_script CMakeFiles/cmTC_9f016.dir/link.txt --verbose=1
/usr/bin/cc  -DCMAKE_HAVE_LIBC_PTHREAD    CMakeFiles/cmTC_9f016.dir/src.c.o  -o cmTC_9f016 
/usr/bin/ld: CMakeFiles/cmTC_9f016.dir/src.c.o: in function `main':
src.c:(.text+0x2f): undefined reference to `pthread_create'
/usr/bin/ld: src.c:(.text+0x3b): undefined reference to `pthread_detach'
/usr/bin/ld: src.c:(.text+0x47): undefined reference to `pthread_cancel'
/usr/bin/ld: src.c:(.text+0x58): undefined reference to `pthread_join'
collect2: error: ld returned 1 exit status
make[1]: *** [CMakeFiles/cmTC_9f016.dir/build.make:107: cmTC_9f016] Error 1
make[1]: Leaving directory '/media/sf_SCR/scr_logger/project_1/cmake-build-debug/CMakeFiles/CMakeTmp'
make: *** [Makefile:141: cmTC_9f016/fast] Error 2


Source file was:
#include <pthread.h>

void* test_func(void* data)
{
  return data;
}

int main(void)
{
  pthread_t thread;
  pthread_create(&thread, NULL, test_func, NULL);
  pthread_detach(thread);
  pthread_cancel(thread);
  pthread_join(thread, NULL);
  pthread_atfork(NULL, NULL, NULL);
  pthread_exit(NULL);

  return 0;
}

